<?xml version="1.0" encoding="UTF-8"?>
<testsuite xmlns:xsi="http://www.w3.org/2001/XMLSchema-instance" xsi:noNamespaceSchemaLocation="https://maven.apache.org/surefire/maven-surefire-plugin/xsd/surefire-test-report.xsd" name="TestSuite" time="2.931" tests="8" errors="0" skipped="0" failures="0">
  <properties>
    <property name="sun.desktop" value="gnome"/>
    <property name="awt.toolkit" value="sun.awt.X11.XToolkit"/>
    <property name="java.specification.version" value="11"/>
    <property name="sun.cpu.isalist" value=""/>
    <property name="sun.jnu.encoding" value="UTF-8"/>
    <property name="java.class.path" value="/home/matus/PA165-ice-hockey-manager/target/test-classes:/home/matus/PA165-ice-hockey-manager/target/classes:/home/matus/.m2/repository/org/springframework/spring-core/5.3.4/spring-core-5.3.4.jar:/home/matus/.m2/repository/org/springframework/spring-jcl/5.3.4/spring-jcl-5.3.4.jar:/home/matus/.m2/repository/org/springframework/spring-test/5.3.4/spring-test-5.3.4.jar:/home/matus/.m2/repository/org/springframework/spring-orm/5.3.4/spring-orm-5.3.4.jar:/home/matus/.m2/repository/org/springframework/spring-beans/5.3.4/spring-beans-5.3.4.jar:/home/matus/.m2/repository/org/springframework/spring-jdbc/5.3.4/spring-jdbc-5.3.4.jar:/home/matus/.m2/repository/org/springframework/spring-tx/5.3.4/spring-tx-5.3.4.jar:/home/matus/.m2/repository/org/springframework/data/spring-data-jpa/2.4.5/spring-data-jpa-2.4.5.jar:/home/matus/.m2/repository/org/springframework/data/spring-data-commons/2.4.5/spring-data-commons-2.4.5.jar:/home/matus/.m2/repository/org/springframework/spring-context/5.3.4/spring-context-5.3.4.jar:/home/matus/.m2/repository/org/springframework/spring-expression/5.3.4/spring-expression-5.3.4.jar:/home/matus/.m2/repository/org/springframework/spring-aop/5.3.4/spring-aop-5.3.4.jar:/home/matus/.m2/repository/org/aspectj/aspectjrt/1.9.6/aspectjrt-1.9.6.jar:/home/matus/.m2/repository/org/slf4j/slf4j-api/1.7.30/slf4j-api-1.7.30.jar:/home/matus/.m2/repository/org/hibernate/hibernate-entitymanager/5.4.28.Final/hibernate-entitymanager-5.4.28.Final.jar:/home/matus/.m2/repository/org/jboss/logging/jboss-logging/3.4.1.Final/jboss-logging-3.4.1.Final.jar:/home/matus/.m2/repository/org/hibernate/hibernate-core/5.4.28.Final/hibernate-core-5.4.28.Final.jar:/home/matus/.m2/repository/org/javassist/javassist/3.27.0-GA/javassist-3.27.0-GA.jar:/home/matus/.m2/repository/antlr/antlr/2.7.7/antlr-2.7.7.jar:/home/matus/.m2/repository/org/jboss/jandex/2.2.3.Final/jandex-2.2.3.Final.jar:/home/matus/.m2/repository/javax/activation/javax.activation-api/1.2.0/javax.activation-api-1.2.0.jar:/home/matus/.m2/repository/javax/xml/bind/jaxb-api/2.3.1/jaxb-api-2.3.1.jar:/home/matus/.m2/repository/org/glassfish/jaxb/jaxb-runtime/2.3.3/jaxb-runtime-2.3.3.jar:/home/matus/.m2/repository/jakarta/xml/bind/jakarta.xml.bind-api/2.3.3/jakarta.xml.bind-api-2.3.3.jar:/home/matus/.m2/repository/org/glassfish/jaxb/txw2/2.3.3/txw2-2.3.3.jar:/home/matus/.m2/repository/com/sun/istack/istack-commons-runtime/3.0.11/istack-commons-runtime-3.0.11.jar:/home/matus/.m2/repository/com/sun/activation/jakarta.activation/1.2.2/jakarta.activation-1.2.2.jar:/home/matus/.m2/repository/org/dom4j/dom4j/2.1.3/dom4j-2.1.3.jar:/home/matus/.m2/repository/org/hibernate/common/hibernate-commons-annotations/5.1.2.Final/hibernate-commons-annotations-5.1.2.Final.jar:/home/matus/.m2/repository/javax/persistence/javax.persistence-api/2.2/javax.persistence-api-2.2.jar:/home/matus/.m2/repository/net/bytebuddy/byte-buddy/1.10.20/byte-buddy-1.10.20.jar:/home/matus/.m2/repository/org/jboss/spec/javax/transaction/jboss-transaction-api_1.2_spec/1.1.1.Final/jboss-transaction-api_1.2_spec-1.1.1.Final.jar:/home/matus/.m2/repository/org/hibernate/validator/hibernate-validator/6.1.7.Final/hibernate-validator-6.1.7.Final.jar:/home/matus/.m2/repository/jakarta/validation/jakarta.validation-api/2.0.2/jakarta.validation-api-2.0.2.jar:/home/matus/.m2/repository/com/fasterxml/classmate/1.5.1/classmate-1.5.1.jar:/home/matus/.m2/repository/javax/el/javax.el-api/3.0.0/javax.el-api-3.0.0.jar:/home/matus/.m2/repository/org/glassfish/web/javax.el/2.2.4/javax.el-2.2.4.jar:/home/matus/.m2/repository/org/apache/logging/log4j/log4j-api/2.14.1/log4j-api-2.14.1.jar:/home/matus/.m2/repository/org/apache/logging/log4j/log4j-core/2.14.1/log4j-core-2.14.1.jar:/home/matus/.m2/repository/org/testng/testng/7.4.0/testng-7.4.0.jar:/home/matus/.m2/repository/com/beust/jcommander/1.78/jcommander-1.78.jar:/home/matus/.m2/repository/org/webjars/jquery/3.5.1/jquery-3.5.1.jar:/home/matus/.m2/repository/org/apache/derby/derby/10.10.2.0/derby-10.10.2.0.jar:/home/matus/.m2/repository/org/projectlombok/lombok/1.18.20/lombok-1.18.20.jar:/home/matus/.m2/repository/org/assertj/assertj-core/3.15.0/assertj-core-3.15.0.jar:"/>
    <property name="java.vm.vendor" value="Ubuntu"/>
    <property name="sun.arch.data.model" value="64"/>
    <property name="java.vendor.url" value="https://ubuntu.com/"/>
    <property name="user.timezone" value=""/>
    <property name="java.vm.specification.version" value="11"/>
    <property name="os.name" value="Linux"/>
    <property name="sun.java.launcher" value="SUN_STANDARD"/>
    <property name="user.country" value="US"/>
    <property name="sun.boot.library.path" value="/usr/lib/jvm/java-11-openjdk-amd64/lib"/>
    <property name="sun.java.command" value="/home/matus/PA165-ice-hockey-manager/target/surefire/surefirebooter18289234103376661730.jar /home/matus/PA165-ice-hockey-manager/target/surefire 2021-04-07T18-20-02_908-jvmRun1 surefire18434086950720090876tmp surefire_0899815421406042615tmp"/>
    <property name="jdk.debug" value="release"/>
    <property name="surefire.test.class.path" value="/home/matus/PA165-ice-hockey-manager/target/test-classes:/home/matus/PA165-ice-hockey-manager/target/classes:/home/matus/.m2/repository/org/springframework/spring-core/5.3.4/spring-core-5.3.4.jar:/home/matus/.m2/repository/org/springframework/spring-jcl/5.3.4/spring-jcl-5.3.4.jar:/home/matus/.m2/repository/org/springframework/spring-test/5.3.4/spring-test-5.3.4.jar:/home/matus/.m2/repository/org/springframework/spring-orm/5.3.4/spring-orm-5.3.4.jar:/home/matus/.m2/repository/org/springframework/spring-beans/5.3.4/spring-beans-5.3.4.jar:/home/matus/.m2/repository/org/springframework/spring-jdbc/5.3.4/spring-jdbc-5.3.4.jar:/home/matus/.m2/repository/org/springframework/spring-tx/5.3.4/spring-tx-5.3.4.jar:/home/matus/.m2/repository/org/springframework/data/spring-data-jpa/2.4.5/spring-data-jpa-2.4.5.jar:/home/matus/.m2/repository/org/springframework/data/spring-data-commons/2.4.5/spring-data-commons-2.4.5.jar:/home/matus/.m2/repository/org/springframework/spring-context/5.3.4/spring-context-5.3.4.jar:/home/matus/.m2/repository/org/springframework/spring-expression/5.3.4/spring-expression-5.3.4.jar:/home/matus/.m2/repository/org/springframework/spring-aop/5.3.4/spring-aop-5.3.4.jar:/home/matus/.m2/repository/org/aspectj/aspectjrt/1.9.6/aspectjrt-1.9.6.jar:/home/matus/.m2/repository/org/slf4j/slf4j-api/1.7.30/slf4j-api-1.7.30.jar:/home/matus/.m2/repository/org/hibernate/hibernate-entitymanager/5.4.28.Final/hibernate-entitymanager-5.4.28.Final.jar:/home/matus/.m2/repository/org/jboss/logging/jboss-logging/3.4.1.Final/jboss-logging-3.4.1.Final.jar:/home/matus/.m2/repository/org/hibernate/hibernate-core/5.4.28.Final/hibernate-core-5.4.28.Final.jar:/home/matus/.m2/repository/org/javassist/javassist/3.27.0-GA/javassist-3.27.0-GA.jar:/home/matus/.m2/repository/antlr/antlr/2.7.7/antlr-2.7.7.jar:/home/matus/.m2/repository/org/jboss/jandex/2.2.3.Final/jandex-2.2.3.Final.jar:/home/matus/.m2/repository/javax/activation/javax.activation-api/1.2.0/javax.activation-api-1.2.0.jar:/home/matus/.m2/repository/javax/xml/bind/jaxb-api/2.3.1/jaxb-api-2.3.1.jar:/home/matus/.m2/repository/org/glassfish/jaxb/jaxb-runtime/2.3.3/jaxb-runtime-2.3.3.jar:/home/matus/.m2/repository/jakarta/xml/bind/jakarta.xml.bind-api/2.3.3/jakarta.xml.bind-api-2.3.3.jar:/home/matus/.m2/repository/org/glassfish/jaxb/txw2/2.3.3/txw2-2.3.3.jar:/home/matus/.m2/repository/com/sun/istack/istack-commons-runtime/3.0.11/istack-commons-runtime-3.0.11.jar:/home/matus/.m2/repository/com/sun/activation/jakarta.activation/1.2.2/jakarta.activation-1.2.2.jar:/home/matus/.m2/repository/org/dom4j/dom4j/2.1.3/dom4j-2.1.3.jar:/home/matus/.m2/repository/org/hibernate/common/hibernate-commons-annotations/5.1.2.Final/hibernate-commons-annotations-5.1.2.Final.jar:/home/matus/.m2/repository/javax/persistence/javax.persistence-api/2.2/javax.persistence-api-2.2.jar:/home/matus/.m2/repository/net/bytebuddy/byte-buddy/1.10.20/byte-buddy-1.10.20.jar:/home/matus/.m2/repository/org/jboss/spec/javax/transaction/jboss-transaction-api_1.2_spec/1.1.1.Final/jboss-transaction-api_1.2_spec-1.1.1.Final.jar:/home/matus/.m2/repository/org/hibernate/validator/hibernate-validator/6.1.7.Final/hibernate-validator-6.1.7.Final.jar:/home/matus/.m2/repository/jakarta/validation/jakarta.validation-api/2.0.2/jakarta.validation-api-2.0.2.jar:/home/matus/.m2/repository/com/fasterxml/classmate/1.5.1/classmate-1.5.1.jar:/home/matus/.m2/repository/javax/el/javax.el-api/3.0.0/javax.el-api-3.0.0.jar:/home/matus/.m2/repository/org/glassfish/web/javax.el/2.2.4/javax.el-2.2.4.jar:/home/matus/.m2/repository/org/apache/logging/log4j/log4j-api/2.14.1/log4j-api-2.14.1.jar:/home/matus/.m2/repository/org/apache/logging/log4j/log4j-core/2.14.1/log4j-core-2.14.1.jar:/home/matus/.m2/repository/org/testng/testng/7.4.0/testng-7.4.0.jar:/home/matus/.m2/repository/com/beust/jcommander/1.78/jcommander-1.78.jar:/home/matus/.m2/repository/org/webjars/jquery/3.5.1/jquery-3.5.1.jar:/home/matus/.m2/repository/org/apache/derby/derby/10.10.2.0/derby-10.10.2.0.jar:/home/matus/.m2/repository/org/projectlombok/lombok/1.18.20/lombok-1.18.20.jar:/home/matus/.m2/repository/org/assertj/assertj-core/3.15.0/assertj-core-3.15.0.jar:"/>
    <property name="sun.cpu.endian" value="little"/>
    <property name="user.home" value="/home/matus"/>
    <property name="user.language" value="en"/>
    <property name="java.specification.vendor" value="Oracle Corporation"/>
    <property name="java.version.date" value="2021-01-19"/>
    <property name="java.home" value="/usr/lib/jvm/java-11-openjdk-amd64"/>
    <property name="file.separator" value="/"/>
    <property name="basedir" value="/home/matus/PA165-ice-hockey-manager"/>
    <property name="java.vm.compressedOopsMode" value="Zero based"/>
    <property name="line.separator" value="&#10;"/>
    <property name="java.specification.name" value="Java Platform API Specification"/>
    <property name="java.vm.specification.vendor" value="Oracle Corporation"/>
    <property name="java.awt.graphicsenv" value="sun.awt.X11GraphicsEnvironment"/>
    <property name="surefire.real.class.path" value="/home/matus/PA165-ice-hockey-manager/target/surefire/surefirebooter18289234103376661730.jar"/>
    <property name="sun.management.compiler" value="HotSpot 64-Bit Tiered Compilers"/>
    <property name="java.runtime.version" value="11.0.10+9-Ubuntu-0ubuntu1.20.04"/>
    <property name="user.name" value="matus"/>
    <property name="path.separator" value=":"/>
    <property name="os.version" value="5.4.0-70-generic"/>
    <property name="java.runtime.name" value="OpenJDK Runtime Environment"/>
    <property name="file.encoding" value="UTF-8"/>
    <property name="java.vm.name" value="OpenJDK 64-Bit Server VM"/>
    <property name="localRepository" value="/home/matus/.m2/repository"/>
    <property name="java.vendor.url.bug" value="https://bugs.launchpad.net/ubuntu/+source/openjdk-lts"/>
    <property name="java.io.tmpdir" value="/tmp"/>
    <property name="java.version" value="11.0.10"/>
    <property name="user.dir" value="/home/matus/PA165-ice-hockey-manager"/>
    <property name="os.arch" value="amd64"/>
    <property name="java.vm.specification.name" value="Java Virtual Machine Specification"/>
    <property name="java.awt.printerjob" value="sun.print.PSPrinterJob"/>
    <property name="sun.os.patch.level" value="unknown"/>
    <property name="java.library.path" value="/usr/java/packages/lib:/usr/lib/x86_64-linux-gnu/jni:/lib/x86_64-linux-gnu:/usr/lib/x86_64-linux-gnu:/usr/lib/jni:/lib:/usr/lib"/>
    <property name="java.vm.info" value="mixed mode, sharing"/>
    <property name="java.vendor" value="Ubuntu"/>
    <property name="java.vm.version" value="11.0.10+9-Ubuntu-0ubuntu1.20.04"/>
    <property name="sun.io.unicode.encoding" value="UnicodeLittle"/>
    <property name="java.class.version" value="55.0"/>
  </properties>
  <testcase name="createPlayerTest" classname="cz.fi.muni.pa165.hockeymanager.daoTests.PlayerDaoTests" time="0.062"/>
  <testcase name="findAllPlayersTest" classname="cz.fi.muni.pa165.hockeymanager.daoTests.PlayerDaoTests" time="0.082"/>
  <testcase name="findPlayerByIdTest" classname="cz.fi.muni.pa165.hockeymanager.daoTests.PlayerDaoTests" time="0.003"/>
  <testcase name="removePlayerTest" classname="cz.fi.muni.pa165.hockeymanager.daoTests.PlayerDaoTests" time="0.006"/>
  <testcase name="createMatchTest" classname="cz.fi.muni.pa165.hockeymanager.daoTests.MatchDaoTests" time="0.029"/>
  <testcase name="findAllMatchesTest" classname="cz.fi.muni.pa165.hockeymanager.daoTests.MatchDaoTests" time="0.028"/>
  <testcase name="findMatchesByIdTest" classname="cz.fi.muni.pa165.hockeymanager.daoTests.MatchDaoTests" time="0.006"/>
  <testcase name="removeMatchTest" classname="cz.fi.muni.pa165.hockeymanager.daoTests.MatchDaoTests" time="0.003"/>
</testsuite>