<?xml version="1.0" encoding="UTF-8"?>
<!-- Generated by org.testng.reporters.JUnitReportReporter -->
<testsuite hostname="matus-legion" failures="0" tests="4" name="cz.fi.muni.pa165.hockeymanager.daoTests.PlayerDaoTests" time="0.207" errors="0" timestamp="2021-04-07T18:20:07 CEST" skipped="0">
  <testcase classname="cz.fi.muni.pa165.hockeymanager.daoTests.PlayerDaoTests" name="removePlayerTest" time="0.012"/>
  <system-out/>
  <testcase classname="cz.fi.muni.pa165.hockeymanager.daoTests.PlayerDaoTests" name="createPlayerTest" time="0.063"/>
  <system-out/>
  <testcase classname="cz.fi.muni.pa165.hockeymanager.daoTests.PlayerDaoTests" name="findPlayerByIdTest" time="0.007"/>
  <system-out/>
  <testcase classname="cz.fi.muni.pa165.hockeymanager.daoTests.PlayerDaoTests" name="findAllPlayersTest" time="0.125"/>
  <system-out/>
</testsuite> <!-- cz.fi.muni.pa165.hockeymanager.daoTests.PlayerDaoTests -->
