<?xml version="1.0" encoding="UTF-8"?>
<!-- Generated by org.testng.reporters.JUnitReportReporter -->
<testsuite hostname="matus-legion" failures="0" tests="4" name="cz.fi.muni.pa165.hockeymanager.daoTests.MatchDaoTests" time="0.079" errors="0" timestamp="2021-04-07T18:20:07 CEST" skipped="0">
  <testcase classname="cz.fi.muni.pa165.hockeymanager.daoTests.MatchDaoTests" name="createMatchTest" time="0.031"/>
  <system-out/>
  <testcase classname="cz.fi.muni.pa165.hockeymanager.daoTests.MatchDaoTests" name="findAllMatchesTest" time="0.031"/>
  <system-out/>
  <testcase classname="cz.fi.muni.pa165.hockeymanager.daoTests.MatchDaoTests" name="removeMatchTest" time="0.008"/>
  <system-out/>
  <testcase classname="cz.fi.muni.pa165.hockeymanager.daoTests.MatchDaoTests" name="findMatchesByIdTest" time="0.009"/>
  <system-out/>
</testsuite> <!-- cz.fi.muni.pa165.hockeymanager.daoTests.MatchDaoTests -->
